<?xml version="1.0" encoding="UTF-8"?>
<testng-results skipped="0" failed="0" ignored="0" total="1" passed="1">
  <reporter-output>
  </reporter-output>
  <suite name="test.LoginTest" duration-ms="2830" started-at="2020-07-04T15:40:31Z" finished-at="2020-07-04T15:40:34Z">
    <groups>
    </groups>
    <test name="Command line test" duration-ms="2830" started-at="2020-07-04T15:40:31Z" finished-at="2020-07-04T15:40:34Z">
      <class name="test.LoginTest">
        <test-method status="PASS" signature="loginTest()[pri:0, instance:test.LoginTest@1554909b]" name="loginTest" duration-ms="2814" started-at="2020-07-04T10:40:31Z" finished-at="2020-07-04T10:40:34Z">
          <reporter-output>
          </reporter-output>
        </test-method> <!-- loginTest -->
      </class> <!-- test.LoginTest -->
    </test> <!-- Command line test -->
  </suite> <!-- test.LoginTest -->
</testng-results>
